------------------------------------------------
Date: 2021-09-13 17:04:49
Error: TypeError: next is not a function at TypeError: next is not a function
    at FormatConsumeWhatsAppJob.handle (C:\Users\jean.almeida\Projects\api-comunication\src\main\jobs\whatsapp\format-consume-whatsapp-job.ts:14:7)
    at C:\Users\jean.almeida\Projects\api-comunication\src\main\adapters\adapt-listener-job.ts:5:15
    at C:\Users\jean.almeida\Projects\api-comunication\src\main\adapters\adapt-middleware-system.ts:34:11
    at C:\Users\jean.almeida\Projects\api-comunication\src\main\adapters\adapt-listener-middleware.ts:5:59
    at C:\Users\jean.almeida\Projects\api-comunication\src\infra\amqp\helper\RabbitMqServer.ts:101:9
    at Channel.BaseChannel.dispatchMessage (C:\Users\jean.almeida\Projects\api-comunication\node_modules\amqplib\lib\channel.js:484:12)
    at Channel.BaseChannel.handleDelivery (C:\Users\jean.almeida\Projects\api-comunication\node_modules\amqplib\lib\channel.js:493:15)
    at Channel.emit (events.js:315:20)
    at C:\Users\jean.almeida\Projects\api-comunication\node_modules\amqplib\lib\channel.js:279:10
    at Channel.content [as handleMessage] (C:\Users\jean.almeida\Projects\api-comunication\node_modules\amqplib\lib\channel.js:332:9)
    at Channel.C.acceptMessageFrame (C:\Users\jean.almeida\Projects\api-comunication\node_modules\amqplib\lib\channel.js:247:31)
    at Channel.C.accept (C:\Users\jean.almeida\Projects\api-comunication\node_modules\amqplib\lib\channel.js:400:17)
    at Connection.mainAccept [as accept] (C:\Users\jean.almeida\Projects\api-comunication\node_modules\amqplib\lib\connection.js:64:33)
    at Socket.go (C:\Users\jean.almeida\Projects\api-comunication\node_modules\amqplib\lib\connection.js:478:48)
    at Socket.emit (events.js:315:20)
    at emitReadable_ (_stream_readable.js:569:12)
------------------------------------------------
Date: 2021-09-13 17:52:45
Error: TypeError: Cannot convert undefined or null to object at TypeError: Cannot convert undefined or null to object
    at Function.entries (<anonymous>)
    at replaceKeyToValue (C:\Users\jean.almeida\Projects\api-comunication\src\utils\replace-key-to-value.ts:6:10)
    at C:\Users\jean.almeida\Projects\api-comunication\src\utils\replace-key-to-value.ts:25:34
    at Array.map (<anonymous>)
    at replaceKeyToValue (C:\Users\jean.almeida\Projects\api-comunication\src\utils\replace-key-to-value.ts:6:26)
    at C:\Users\jean.almeida\Projects\api-comunication\src\utils\replace-key-to-value.ts:9:36
    at Array.map (<anonymous>)
    at C:\Users\jean.almeida\Projects\api-comunication\src\utils\replace-key-to-value.ts:8:13
    at Array.map (<anonymous>)
    at replaceKeyToValue (C:\Users\jean.almeida\Projects\api-comunication\src\utils\replace-key-to-value.ts:6:26)
    at HttpSendMessagesDefault.send (C:\Users\jean.almeida\Projects\api-comunication\src\data\usecases\whatsapp\response\default\http-send-messages-default.ts:54:44)
    at processTicksAndRejections (internal/process/task_queues.js:93:5)
    at SendMessagesDefaultJob.handle (C:\Users\jean.almeida\Projects\api-comunication\src\main\jobs\whatsapp\default\send-messages-default-job.ts:10:7)
    at Object.handle (C:\Users\jean.almeida\Projects\api-comunication\src\main\adapters\adapt-listener-job.ts:5:5)
    at Object.handle (C:\Users\jean.almeida\Projects\api-comunication\src\main\adapters\adapt-middleware-job.ts:12:5)
    at C:\Users\jean.almeida\Projects\api-comunication\src\main\adapters\adapt-middleware-step-job.ts:12:5
------------------------------------------------
Date: 2021-09-13 18:33:48
Error: TypeError: Cannot convert undefined or null to object at TypeError: Cannot convert undefined or null to object
    at Function.entries (<anonymous>)
    at replaceKeyToValue (C:\Users\jean.almeida\Projects\api-comunication\src\utils\replace-key-to-value.ts:6:10)
    at C:\Users\jean.almeida\Projects\api-comunication\src\utils\replace-key-to-value.ts:25:34
    at Array.map (<anonymous>)
    at replaceKeyToValue (C:\Users\jean.almeida\Projects\api-comunication\src\utils\replace-key-to-value.ts:6:26)
    at C:\Users\jean.almeida\Projects\api-comunication\src\utils\replace-key-to-value.ts:9:36
    at Array.map (<anonymous>)
    at C:\Users\jean.almeida\Projects\api-comunication\src\utils\replace-key-to-value.ts:8:13
    at Array.map (<anonymous>)
    at replaceKeyToValue (C:\Users\jean.almeida\Projects\api-comunication\src\utils\replace-key-to-value.ts:6:26)
    at HttpSendMessagesDefault.send (C:\Users\jean.almeida\Projects\api-comunication\src\data\usecases\whatsapp\response\default\http-send-messages-default.ts:54:44)
    at processTicksAndRejections (internal/process/task_queues.js:93:5)
    at SendMessagesDefaultJob.handle (C:\Users\jean.almeida\Projects\api-comunication\src\main\jobs\whatsapp\default\send-messages-default-job.ts:10:7)
    at Object.handle (C:\Users\jean.almeida\Projects\api-comunication\src\main\adapters\adapt-listener-job.ts:5:5)
    at Object.handle (C:\Users\jean.almeida\Projects\api-comunication\src\main\adapters\adapt-middleware-job.ts:12:5)
    at C:\Users\jean.almeida\Projects\api-comunication\src\main\adapters\adapt-middleware-step-job.ts:12:5
------------------------------------------------
Date: 2021-09-15 14:16:58
Error: TypeError: Cannot read property 'msisdn' of undefined at TypeError: Cannot read property 'msisdn' of undefined
    at HttpAccountNotFound.notFound (C:\Users\jean.almeida\Projects\api-comunication\src\data\usecases\whatsapp\response\account\http-account-not-found.ts:29:51)
    at processTicksAndRejections (internal/process/task_queues.js:93:5)
    at AccountNotFoundJob.handle (C:\Users\jean.almeida\Projects\api-comunication\src\main\jobs\whatsapp\account\account-not-found-job.ts:9:7)
    at Object.handle (C:\Users\jean.almeida\Projects\api-comunication\src\main\adapters\adapt-listener-job.ts:5:5)
    at Object.handle (C:\Users\jean.almeida\Projects\api-comunication\src\main\adapters\adapt-middleware-job.ts:12:5)
    at C:\Users\jean.almeida\Projects\api-comunication\src\main\adapters\adapt-middleware-step-job.ts:12:5
------------------------------------------------
Date: 2021-09-15 14:26:33
Error: TypeError: message.replace is not a function at TypeError: message.replace is not a function
    at C:\Users\jean.almeida\Projects\api-comunication\src\utils\replace-key-to-value.ts:33:23
    at Array.map (<anonymous>)
    at replaceKeyToValue (C:\Users\jean.almeida\Projects\api-comunication\src\utils\replace-key-to-value.ts:6:26)
    at HttpConsumptionSms.handle (C:\Users\jean.almeida\Projects\api-comunication\src\data\usecases\sms\consumption\http-consumption-sms.ts:13:38)
    at ConsumptionJobSms.handle (C:\Users\jean.almeida\Projects\api-comunication\src\main\jobs\sms\consumption\consumption-job-sms.ts:9:33)
    at Object.handle (C:\Users\jean.almeida\Projects\api-comunication\src\main\adapters\adapt-listener-job.ts:5:15)
    at C:\Users\jean.almeida\Projects\api-comunication\src\main\adapters\adapt-switch-middleware.ts:94:41
    at pastFunction (C:\Users\jean.almeida\Projects\api-comunication\src\main\adapters\adapt-middleware-system.ts:18:17)
    at C:\Users\jean.almeida\Projects\api-comunication\src\main\adapters\adapt-middleware-job.ts:16:14
    at MainMenuMiddleware.handle (C:\Users\jean.almeida\Projects\api-comunication\src\presentation\middlewares\main-menu\main-menu-middleware.ts:24:14)
    at processTicksAndRejections (internal/process/task_queues.js:93:5)
    at Object.handle (C:\Users\jean.almeida\Projects\api-comunication\src\main\adapters\adapt-middleware-job.ts:12:5)
    at C:\Users\jean.almeida\Projects\api-comunication\src\main\adapters\adapt-middleware-step-job.ts:12:5
    at C:\Users\jean.almeida\Projects\api-comunication\src\main\adapters\adapt-listener-job.ts:5:5
    at C:\Users\jean.almeida\Projects\api-comunication\src\main\adapters\adapt-middleware-system.ts:34:5
    at C:\Users\jean.almeida\Projects\api-comunication\src\main\adapters\adapt-listener-middleware.ts:5:12
------------------------------------------------
Date: 2021-09-15 17:16:35
Error: TypeError: Cannot read property 'map' of undefined at TypeError: Cannot read property 'map' of undefined
    at HttpPlanValuesSms.handle (C:\Users\emanoel.amorim\Desktop\projects\gateway-ura\src\data\usecases\sms\plan-values\http-plan-values-sms.ts:12:28)
    at PlanValuesJobSms.handle (C:\Users\emanoel.amorim\Desktop\projects\gateway-ura\src\main\jobs\sms\plan-values\plan-values-job-sms.ts:9:32)
    at Object.handle (C:\Users\emanoel.amorim\Desktop\projects\gateway-ura\src\main\adapters\adapt-listener-job.ts:5:15)
    at C:\Users\emanoel.amorim\Desktop\projects\gateway-ura\src\main\adapters\adapt-switch-middleware.ts:94:41
    at pastFunction (C:\Users\emanoel.amorim\Desktop\projects\gateway-ura\src\main\adapters\adapt-middleware-system.ts:18:17)
    at C:\Users\emanoel.amorim\Desktop\projects\gateway-ura\src\main\adapters\adapt-middleware-job.ts:16:14
    at ListValuesMiddleware.handle (C:\Users\emanoel.amorim\Desktop\projects\gateway-ura\src\presentation\middlewares\recharge\list-values-middleware.ts:24:14)
    at processTicksAndRejections (node:internal/process/task_queues:96:5)
    at Object.handle (C:\Users\emanoel.amorim\Desktop\projects\gateway-ura\src\main\adapters\adapt-middleware-job.ts:12:5)
    at C:\Users\emanoel.amorim\Desktop\projects\gateway-ura\src\main\adapters\adapt-middleware-step-job.ts:12:5
    at C:\Users\emanoel.amorim\Desktop\projects\gateway-ura\src\main\adapters\adapt-listener-job.ts:5:5
    at C:\Users\emanoel.amorim\Desktop\projects\gateway-ura\src\main\adapters\adapt-middleware-system.ts:34:5
    at C:\Users\emanoel.amorim\Desktop\projects\gateway-ura\src\main\adapters\adapt-listener-middleware.ts:5:12
------------------------------------------------
Date: 2021-09-15 17:38:49
Error: TypeError: Cannot read property 'map' of undefined at TypeError: Cannot read property 'map' of undefined
    at HttpPlanValuesSms.handle (C:\Users\emanoel.amorim\Desktop\projects\gateway-ura\src\data\usecases\sms\plan-values\http-plan-values-sms.ts:12:28)
    at PlanValuesJobSms.handle (C:\Users\emanoel.amorim\Desktop\projects\gateway-ura\src\main\jobs\sms\plan-values\plan-values-job-sms.ts:9:32)
    at Object.handle (C:\Users\emanoel.amorim\Desktop\projects\gateway-ura\src\main\adapters\adapt-listener-job.ts:5:15)
    at C:\Users\emanoel.amorim\Desktop\projects\gateway-ura\src\main\adapters\adapt-switch-middleware.ts:94:41
    at pastFunction (C:\Users\emanoel.amorim\Desktop\projects\gateway-ura\src\main\adapters\adapt-middleware-system.ts:18:17)
    at C:\Users\emanoel.amorim\Desktop\projects\gateway-ura\src\main\adapters\adapt-middleware-job.ts:16:14
    at ListValuesMiddleware.handle (C:\Users\emanoel.amorim\Desktop\projects\gateway-ura\src\presentation\middlewares\recharge\list-values-middleware.ts:24:14)
    at processTicksAndRejections (node:internal/process/task_queues:96:5)
    at Object.handle (C:\Users\emanoel.amorim\Desktop\projects\gateway-ura\src\main\adapters\adapt-middleware-job.ts:12:5)
    at C:\Users\emanoel.amorim\Desktop\projects\gateway-ura\src\main\adapters\adapt-middleware-step-job.ts:12:5
    at C:\Users\emanoel.amorim\Desktop\projects\gateway-ura\src\main\adapters\adapt-listener-job.ts:5:5
    at C:\Users\emanoel.amorim\Desktop\projects\gateway-ura\src\main\adapters\adapt-middleware-system.ts:34:5
    at C:\Users\emanoel.amorim\Desktop\projects\gateway-ura\src\main\adapters\adapt-listener-middleware.ts:5:12
